{
  "stats": {
    "suites": 1,
    "tests": 13,
    "passes": 13,
    "pending": 0,
    "failures": 0,
    "start": "2021-11-18T15:26:12.069Z",
    "end": "2021-11-18T15:27:18.633Z",
    "duration": 66564,
    "testsRegistered": 13,
    "passPercent": 100,
    "pendingPercent": 0,
    "other": 0,
    "hasOther": false,
    "skipped": 0,
    "hasSkipped": false
  },
  "results": [
    {
      "uuid": "1a5a1d07-7373-48c3-81c4-82251da44d3e",
      "title": "",
      "fullFile": "cypress/integration/register.spec.js",
      "file": "cypress/integration/register.spec.js",
      "beforeHooks": [],
      "afterHooks": [],
      "tests": [],
      "suites": [
        {
          "uuid": "17c25a6d-d240-4299-84b3-a460e24dc77f",
          "title": "register",
          "fullFile": "",
          "file": "",
          "beforeHooks": [],
          "afterHooks": [],
          "tests": [
            {
              "title": "without credentials",
              "fullTitle": "register without credentials",
              "timedOut": null,
              "duration": 6704,
              "state": "passed",
              "speed": "slow",
              "pass": true,
              "fail": false,
              "pending": false,
              "context": null,
              "code": "_registerModule.default.register({\n  email: \"\",\n  password: \"\",\n  numberOfUsers: \"\",\n  termsAndPrivacy: \"unchecked\"\n});\ncy.url().should(\"contain\", \"/sign-up\");\ncy.errorMessageFunction(\"Your Email\", _errorMessages.default.invalidEmail);\ncy.errorMessageFunction(\"Password\", _errorMessages.default.requiredPassword);\ncy.errorMessageFunction(\"Number of users\", _errorMessages.default.requiredNumberOfUsers);\ncy.errorMessageWithoutLabel(_errorMessages.default.termsAndPrivacy);",
              "err": {},
              "uuid": "8c2263ec-ff7e-438d-81d0-8b4625465227",
              "parentUUID": "17c25a6d-d240-4299-84b3-a460e24dc77f",
              "isHook": false,
              "skipped": false
            },
            {
              "title": "without email",
              "fullTitle": "register without email",
              "timedOut": null,
              "duration": 4556,
              "state": "passed",
              "speed": "slow",
              "pass": true,
              "fail": false,
              "pending": false,
              "context": null,
              "code": "_registerModule.default.register({\n  email: \"\"\n});\ncy.url().should(\"contain\", \"/sign-up\");\ncy.get(_signUp.default.forms).then(() => {\n  cy.errorMessageFunction(\"Your Email\", _errorMessages.default.invalidEmail);\n});",
              "err": {},
              "uuid": "e54fb2f7-6cee-4545-bdd8-414a86f1afc7",
              "parentUUID": "17c25a6d-d240-4299-84b3-a460e24dc77f",
              "isHook": false,
              "skipped": false
            },
            {
              "title": "without password",
              "fullTitle": "register without password",
              "timedOut": null,
              "duration": 3706,
              "state": "passed",
              "speed": "slow",
              "pass": true,
              "fail": false,
              "pending": false,
              "context": null,
              "code": "_registerModule.default.register({\n  password: \"\"\n});\ncy.url().should(\"contain\", \"/sign-up\");\ncy.errorMessageFunction(\"Password\", _errorMessages.default.requiredPassword);",
              "err": {},
              "uuid": "c766a2cf-2861-4826-9a96-2e96ee925df6",
              "parentUUID": "17c25a6d-d240-4299-84b3-a460e24dc77f",
              "isHook": false,
              "skipped": false
            },
            {
              "title": "without number of users",
              "fullTitle": "register without number of users",
              "timedOut": null,
              "duration": 3775,
              "state": "passed",
              "speed": "slow",
              "pass": true,
              "fail": false,
              "pending": false,
              "context": null,
              "code": "_registerModule.default.register({\n  numberOfUsers: \"\"\n});\ncy.url().should(\"contain\", \"/sign-up\");\ncy.errorMessageFunction(\"Number of users\", _errorMessages.default.requiredNumberOfUsers);",
              "err": {},
              "uuid": "ac8d79ce-ad81-46b4-ad8d-5c2fe5e29ab8",
              "parentUUID": "17c25a6d-d240-4299-84b3-a460e24dc77f",
              "isHook": false,
              "skipped": false
            },
            {
              "title": "without terms and privacy checked",
              "fullTitle": "register without terms and privacy checked",
              "timedOut": null,
              "duration": 4310,
              "state": "passed",
              "speed": "slow",
              "pass": true,
              "fail": false,
              "pending": false,
              "context": null,
              "code": "_registerModule.default.register({\n  termsAndPrivacy: \"unchecked\"\n});\ncy.url().should(\"contain\", \"/sign-up\");\ncy.errorMessageWithoutLabel(_errorMessages.default.termsAndPrivacy);",
              "err": {},
              "uuid": "312b08ff-2b08-44f2-bdf2-3da296240c3d",
              "parentUUID": "17c25a6d-d240-4299-84b3-a460e24dc77f",
              "isHook": false,
              "skipped": false
            },
            {
              "title": "with email without @",
              "fullTitle": "register with email without @",
              "timedOut": null,
              "duration": 4347,
              "state": "passed",
              "speed": "slow",
              "pass": true,
              "fail": false,
              "pending": false,
              "context": null,
              "code": "_registerModule.default.register({\n  email: _data.default.registerInvalidUser[\"emailWithout@\"]\n});\ncy.url().should(\"contain\", \"/sign-up\");\ncy.errorMessageFunction(\"Your Email\", _errorMessages.default.invalidEmail);",
              "err": {},
              "uuid": "3e724cac-b30b-4a2a-ac09-2109b0aa685a",
              "parentUUID": "17c25a6d-d240-4299-84b3-a460e24dc77f",
              "isHook": false,
              "skipped": false
            },
            {
              "title": "with email without .",
              "fullTitle": "register with email without .",
              "timedOut": null,
              "duration": 4363,
              "state": "passed",
              "speed": "slow",
              "pass": true,
              "fail": false,
              "pending": false,
              "context": null,
              "code": "_registerModule.default.register({\n  email: _data.default.registerInvalidUser[\"emailWithout.\"]\n});\ncy.url().should(\"contain\", \"/sign-up\");\ncy.errorMessageFunction(\"Your Email\", _errorMessages.default.invalidEmail);",
              "err": {},
              "uuid": "4acdafb3-f4dd-4a0a-9242-6d4b97d7e58e",
              "parentUUID": "17c25a6d-d240-4299-84b3-a460e24dc77f",
              "isHook": false,
              "skipped": false
            },
            {
              "title": "with existing email",
              "fullTitle": "register with existing email",
              "timedOut": null,
              "duration": 6069,
              "state": "passed",
              "speed": "slow",
              "pass": true,
              "fail": false,
              "pending": false,
              "context": null,
              "code": "_registerModule.default.register({\n  email: _data.default.user.email\n});\ncy.url().should(\"contain\", \"/sign-up\");\ncy.alertErrorMessage(_errorMessages.default.existingEmail);",
              "err": {},
              "uuid": "ebac3fd6-049e-42f1-920c-dd657f5a5926",
              "parentUUID": "17c25a6d-d240-4299-84b3-a460e24dc77f",
              "isHook": false,
              "skipped": false
            },
            {
              "title": "with password less than 5 characters",
              "fullTitle": "register with password less than 5 characters",
              "timedOut": null,
              "duration": 6165,
              "state": "passed",
              "speed": "slow",
              "pass": true,
              "fail": false,
              "pending": false,
              "context": null,
              "code": "_registerModule.default.register({\n  password: _data.default.registerInvalidUser.passwordLessThan5Chars\n});\ncy.url().should(\"contain\", \"/sign-up\");\ncy.errorMessageFunction(\"Password\", _errorMessages.default.invalidPassword5Characters);",
              "err": {},
              "uuid": "e2b5c5a0-e02c-474d-bb1b-99c95d51428f",
              "parentUUID": "17c25a6d-d240-4299-84b3-a460e24dc77f",
              "isHook": false,
              "skipped": false
            },
            {
              "title": "with number of users less than 1",
              "fullTitle": "register with number of users less than 1",
              "timedOut": null,
              "duration": 5435,
              "state": "passed",
              "speed": "slow",
              "pass": true,
              "fail": false,
              "pending": false,
              "context": null,
              "code": "_registerModule.default.register({\n  numberOfUsers: _data.default.registerInvalidUser.numOfUsersLessThan1\n});\ncy.url().should(\"contain\", \"/sign-up\");\ncy.errorMessageFunction(\"Number of users\", _errorMessages.default.invalidNumberInteger);",
              "err": {},
              "uuid": "581b12f4-4a7c-4d9d-8519-be2f8ca5571a",
              "parentUUID": "17c25a6d-d240-4299-84b3-a460e24dc77f",
              "isHook": false,
              "skipped": false
            },
            {
              "title": "with number of users more than 10",
              "fullTitle": "register with number of users more than 10",
              "timedOut": null,
              "duration": 5049,
              "state": "passed",
              "speed": "slow",
              "pass": true,
              "fail": false,
              "pending": false,
              "context": null,
              "code": "_registerModule.default.register({\n  numberOfUsers: _data.default.registerInvalidUser.numOfUsersMoreThan10\n});\ncy.url().should(\"contain\", \"/sign-up\");\ncy.errorMessageFunction(\"Number of users\", _errorMessages.default.invalidNumberInteger);",
              "err": {},
              "uuid": "c3ccd1ec-7152-4bdd-8ab1-f6b4b96459c7",
              "parentUUID": "17c25a6d-d240-4299-84b3-a460e24dc77f",
              "isHook": false,
              "skipped": false
            },
            {
              "title": "with number of users not an integer",
              "fullTitle": "register with number of users not an integer",
              "timedOut": null,
              "duration": 4563,
              "state": "passed",
              "speed": "slow",
              "pass": true,
              "fail": false,
              "pending": false,
              "context": null,
              "code": "_registerModule.default.register({\n  numberOfUsers: _data.default.registerInvalidUser.numOfUsersNotInteger\n});\ncy.url().should(\"contain\", \"/sign-up\");\ncy.errorMessageFunction(\"Number of users\", _errorMessages.default.invalidNumberString);",
              "err": {},
              "uuid": "4494a253-b9ae-4331-a339-3e72cb9b80ce",
              "parentUUID": "17c25a6d-d240-4299-84b3-a460e24dc77f",
              "isHook": false,
              "skipped": false
            },
            {
              "title": "with valid credentials",
              "fullTitle": "register with valid credentials",
              "timedOut": null,
              "duration": 7117,
              "state": "passed",
              "speed": "slow",
              "pass": true,
              "fail": false,
              "pending": false,
              "context": null,
              "code": "cy.intercept(\"POST\", \"api/v2/register\").as(\"registeredUser\");\n_registerModule.default.register({});\ncy.url().should(\"not.contain\", \"/sign-up\").and(\"contain\", \"/my-organizations\");\ncy.wait(\"@registeredUser\").then(intercept => {\n  expect(intercept.response.statusCode).to.eq(200);\n});",
              "err": {},
              "uuid": "57ecb93d-8425-4ed3-bd0f-846441821c7b",
              "parentUUID": "17c25a6d-d240-4299-84b3-a460e24dc77f",
              "isHook": false,
              "skipped": false
            }
          ],
          "suites": [],
          "passes": [
            "8c2263ec-ff7e-438d-81d0-8b4625465227",
            "e54fb2f7-6cee-4545-bdd8-414a86f1afc7",
            "c766a2cf-2861-4826-9a96-2e96ee925df6",
            "ac8d79ce-ad81-46b4-ad8d-5c2fe5e29ab8",
            "312b08ff-2b08-44f2-bdf2-3da296240c3d",
            "3e724cac-b30b-4a2a-ac09-2109b0aa685a",
            "4acdafb3-f4dd-4a0a-9242-6d4b97d7e58e",
            "ebac3fd6-049e-42f1-920c-dd657f5a5926",
            "e2b5c5a0-e02c-474d-bb1b-99c95d51428f",
            "581b12f4-4a7c-4d9d-8519-be2f8ca5571a",
            "c3ccd1ec-7152-4bdd-8ab1-f6b4b96459c7",
            "4494a253-b9ae-4331-a339-3e72cb9b80ce",
            "57ecb93d-8425-4ed3-bd0f-846441821c7b"
          ],
          "failures": [],
          "pending": [],
          "skipped": [],
          "duration": 66159,
          "root": false,
          "rootEmpty": false,
          "_timeout": 2000
        }
      ],
      "passes": [],
      "failures": [],
      "pending": [],
      "skipped": [],
      "duration": 0,
      "root": true,
      "rootEmpty": true,
      "_timeout": 2000
    }
  ],
  "meta": {
    "mocha": {
      "version": "7.0.1"
    },
    "mochawesome": {
      "options": {
        "quiet": false,
        "reportFilename": "mochawesome",
        "saveHtml": false,
        "saveJson": true,
        "consoleReporter": "spec",
        "useInlineDiffs": false,
        "code": true
      },
      "version": "7.0.1"
    },
    "marge": {
      "options": {
        "overwrite": false,
        "html": false,
        "json": true
      },
      "version": "6.0.1"
    }
  }
}