{
  "stats": {
    "suites": 1,
    "tests": 7,
    "passes": 7,
    "pending": 0,
    "failures": 0,
    "start": "2021-11-18T15:25:23.445Z",
    "end": "2021-11-18T15:25:49.324Z",
    "duration": 25879,
    "testsRegistered": 7,
    "passPercent": 100,
    "pendingPercent": 0,
    "other": 0,
    "hasOther": false,
    "skipped": 0,
    "hasSkipped": false
  },
  "results": [
    {
      "uuid": "b0eaafa7-901b-4990-b942-7bda206805c4",
      "title": "",
      "fullFile": "cypress/integration/login.spec.js",
      "file": "cypress/integration/login.spec.js",
      "beforeHooks": [],
      "afterHooks": [],
      "tests": [],
      "suites": [
        {
          "uuid": "6f03fcc2-b5ad-4afc-af50-c47069736d88",
          "title": "login",
          "fullFile": "",
          "file": "",
          "beforeHooks": [],
          "afterHooks": [],
          "tests": [
            {
              "title": "without credentials",
              "fullTitle": "login without credentials",
              "timedOut": null,
              "duration": 4484,
              "state": "passed",
              "speed": "slow",
              "pass": true,
              "fail": false,
              "pending": false,
              "context": null,
              "code": "_authModule.default.login({\n  email: \"\",\n  password: \"\"\n});\ncy.errorMessageFunction(\"Email Address\", _errorMessages.default.invalidEmail);\ncy.errorMessageFunction(\"Password\", _errorMessages.default.requiredPassword);\ncy.url().should(\"contain\", \"/login\");",
              "err": {},
              "uuid": "e8cd91ce-16e5-42b4-ac41-d5ba20ef48db",
              "parentUUID": "6f03fcc2-b5ad-4afc-af50-c47069736d88",
              "isHook": false,
              "skipped": false
            },
            {
              "title": "without password",
              "fullTitle": "login without password",
              "timedOut": null,
              "duration": 3216,
              "state": "passed",
              "speed": "slow",
              "pass": true,
              "fail": false,
              "pending": false,
              "context": null,
              "code": "_authModule.default.login({\n  password: \"\"\n});\ncy.errorMessageFunction(\"Password\", _errorMessages.default.requiredPassword);\ncy.url().should(\"contain\", \"/login\");",
              "err": {},
              "uuid": "5b82f07b-e638-442c-8ea3-0c2d2c33a6dd",
              "parentUUID": "6f03fcc2-b5ad-4afc-af50-c47069736d88",
              "isHook": false,
              "skipped": false
            },
            {
              "title": "without email",
              "fullTitle": "login without email",
              "timedOut": null,
              "duration": 1938,
              "state": "passed",
              "speed": "slow",
              "pass": true,
              "fail": false,
              "pending": false,
              "context": null,
              "code": "_authModule.default.login({\n  email: \"\"\n});\ncy.errorMessageFunction(\"Email Address\", _errorMessages.default.invalidEmail);\ncy.url().should(\"contain\", \"/login\");",
              "err": {},
              "uuid": "5eaf54e8-610a-4e99-8e3d-0b9598eb9aa2",
              "parentUUID": "6f03fcc2-b5ad-4afc-af50-c47069736d88",
              "isHook": false,
              "skipped": false
            },
            {
              "title": "with invalid email",
              "fullTitle": "login with invalid email",
              "timedOut": null,
              "duration": 2819,
              "state": "passed",
              "speed": "slow",
              "pass": true,
              "fail": false,
              "pending": false,
              "context": null,
              "code": "_authModule.default.login({\n  email: _data.default.invalidUser.email\n});\n_authModule.default.errorMessage.should(\"have.length\", 3);\ncy.errorMessageWithoutLabel(_errorMessages.default.passOrEmailInvalid);\ncy.url().should(\"contain\", \"/login\");",
              "err": {},
              "uuid": "fab346aa-3178-4e00-bbd1-c3219258884b",
              "parentUUID": "6f03fcc2-b5ad-4afc-af50-c47069736d88",
              "isHook": false,
              "skipped": false
            },
            {
              "title": "with invalid password",
              "fullTitle": "login with invalid password",
              "timedOut": null,
              "duration": 2869,
              "state": "passed",
              "speed": "slow",
              "pass": true,
              "fail": false,
              "pending": false,
              "context": null,
              "code": "_authModule.default.login({\n  password: _data.default.invalidUser.password\n});\n_authModule.default.errorMessage.should(\"have.length\", 3);\ncy.errorMessageWithoutLabel(_errorMessages.default.passOrEmailInvalid);\ncy.url().should(\"contain\", \"/login\");",
              "err": {},
              "uuid": "6f1005ae-0cdf-47a9-a422-105521fd3853",
              "parentUUID": "6f03fcc2-b5ad-4afc-af50-c47069736d88",
              "isHook": false,
              "skipped": false
            },
            {
              "title": "login with pom",
              "fullTitle": "login login with pom",
              "timedOut": null,
              "duration": 3828,
              "state": "passed",
              "speed": "slow",
              "pass": true,
              "fail": false,
              "pending": false,
              "context": null,
              "code": "_authModule.default.login({});\ncy.url().should(\"not.contain\", \"/login\");",
              "err": {},
              "uuid": "3776c741-635f-45cf-a8f9-b4e6d1b2060a",
              "parentUUID": "6f03fcc2-b5ad-4afc-af50-c47069736d88",
              "isHook": false,
              "skipped": false
            },
            {
              "title": "logout",
              "fullTitle": "login logout",
              "timedOut": null,
              "duration": 6093,
              "state": "passed",
              "speed": "slow",
              "pass": true,
              "fail": false,
              "pending": false,
              "context": null,
              "code": "_authModule.default.login({});\n_authModule.default.logout();\ncy.url().should(\"contain\", \"/login\");",
              "err": {},
              "uuid": "9d3cfe8f-e889-4076-925e-05842e549056",
              "parentUUID": "6f03fcc2-b5ad-4afc-af50-c47069736d88",
              "isHook": false,
              "skipped": false
            }
          ],
          "suites": [],
          "passes": [
            "e8cd91ce-16e5-42b4-ac41-d5ba20ef48db",
            "5b82f07b-e638-442c-8ea3-0c2d2c33a6dd",
            "5eaf54e8-610a-4e99-8e3d-0b9598eb9aa2",
            "fab346aa-3178-4e00-bbd1-c3219258884b",
            "6f1005ae-0cdf-47a9-a422-105521fd3853",
            "3776c741-635f-45cf-a8f9-b4e6d1b2060a",
            "9d3cfe8f-e889-4076-925e-05842e549056"
          ],
          "failures": [],
          "pending": [],
          "skipped": [],
          "duration": 25247,
          "root": false,
          "rootEmpty": false,
          "_timeout": 2000
        }
      ],
      "passes": [],
      "failures": [],
      "pending": [],
      "skipped": [],
      "duration": 0,
      "root": true,
      "rootEmpty": true,
      "_timeout": 2000
    }
  ],
  "meta": {
    "mocha": {
      "version": "7.0.1"
    },
    "mochawesome": {
      "options": {
        "quiet": false,
        "reportFilename": "mochawesome",
        "saveHtml": false,
        "saveJson": true,
        "consoleReporter": "spec",
        "useInlineDiffs": false,
        "code": true
      },
      "version": "7.0.1"
    },
    "marge": {
      "options": {
        "overwrite": false,
        "html": false,
        "json": true
      },
      "version": "6.0.1"
    }
  }
}