{
  "stats": {
    "suites": 1,
    "tests": 7,
    "passes": 6,
    "pending": 0,
    "failures": 1,
    "start": "2021-11-18T15:25:02.732Z",
    "end": "2021-11-18T15:25:21.317Z",
    "duration": 18585,
    "testsRegistered": 7,
    "passPercent": 85.71428571428571,
    "pendingPercent": 0,
    "other": 0,
    "hasOther": false,
    "skipped": 0,
    "hasSkipped": false
  },
  "results": [
    {
      "uuid": "198302a2-ce78-40d7-a050-7dec60bee34f",
      "title": "",
      "fullFile": "cypress/integration/board.spec.js",
      "file": "cypress/integration/board.spec.js",
      "beforeHooks": [],
      "afterHooks": [],
      "tests": [],
      "suites": [
        {
          "uuid": "50e4cc6a-d67d-49d2-8ed5-7911f9d2ab2c",
          "title": "board",
          "fullFile": "",
          "file": "",
          "beforeHooks": [],
          "afterHooks": [],
          "tests": [
            {
              "title": "create board",
              "fullTitle": "board create board",
              "timedOut": null,
              "duration": 9037,
              "state": "passed",
              "speed": "slow",
              "pass": true,
              "fail": false,
              "pending": false,
              "context": null,
              "code": "_boardModule.default.createBoard();",
              "err": {},
              "uuid": "45ffde7a-80ef-4a3f-9d92-62c21883b2b2",
              "parentUUID": "50e4cc6a-d67d-49d2-8ed5-7911f9d2ab2c",
              "isHook": false,
              "skipped": false
            },
            {
              "title": "adding new column",
              "fullTitle": "board adding new column",
              "timedOut": null,
              "duration": 1096,
              "state": "passed",
              "speed": "slow",
              "pass": true,
              "fail": false,
              "pending": false,
              "context": null,
              "code": "_boardModule.default.addColumn();",
              "err": {},
              "uuid": "5c701169-aae8-43f4-b508-201c0294ad0a",
              "parentUUID": "50e4cc6a-d67d-49d2-8ed5-7911f9d2ab2c",
              "isHook": false,
              "skipped": false
            },
            {
              "title": "adding a story",
              "fullTitle": "board adding a story",
              "timedOut": null,
              "duration": 1334,
              "state": "passed",
              "speed": "slow",
              "pass": true,
              "fail": false,
              "pending": false,
              "context": null,
              "code": "_boardModule.default.addStory();",
              "err": {},
              "uuid": "4615a642-66c9-46e4-8ade-80369ddac14d",
              "parentUUID": "50e4cc6a-d67d-49d2-8ed5-7911f9d2ab2c",
              "isHook": false,
              "skipped": false
            },
            {
              "title": "editing story",
              "fullTitle": "board editing story",
              "timedOut": null,
              "duration": 2756,
              "state": "failed",
              "speed": null,
              "pass": false,
              "fail": true,
              "pending": false,
              "context": null,
              "code": "_boardModule.default.editStory();",
              "err": {
                "message": "AssertionError: expected null to equal 'This is description'",
                "estack": "AssertionError: expected null to equal 'This is description'\n    at Context.eval (https://cypress.vivifyscrum-stage.com/__cypress/tests?p=cypress/integration/board.spec.js:386:54)",
                "diff": null
              },
              "uuid": "8a01eb38-dc03-4dc3-9d46-984e5c429dbb",
              "parentUUID": "50e4cc6a-d67d-49d2-8ed5-7911f9d2ab2c",
              "isHook": false,
              "skipped": false
            },
            {
              "title": "moving story to backlog",
              "fullTitle": "board moving story to backlog",
              "timedOut": null,
              "duration": 654,
              "state": "passed",
              "speed": "slow",
              "pass": true,
              "fail": false,
              "pending": false,
              "context": null,
              "code": "_boardModule.default.movingStoryToBacklog();",
              "err": {},
              "uuid": "f7419b0a-c4d7-4f61-8264-8773daac926e",
              "parentUUID": "50e4cc6a-d67d-49d2-8ed5-7911f9d2ab2c",
              "isHook": false,
              "skipped": false
            },
            {
              "title": "delete story",
              "fullTitle": "board delete story",
              "timedOut": null,
              "duration": 871,
              "state": "passed",
              "speed": "slow",
              "pass": true,
              "fail": false,
              "pending": false,
              "context": null,
              "code": "_boardModule.default.deleteStory();",
              "err": {},
              "uuid": "553ac631-b876-4a5b-a7a0-79e92d213108",
              "parentUUID": "50e4cc6a-d67d-49d2-8ed5-7911f9d2ab2c",
              "isHook": false,
              "skipped": false
            },
            {
              "title": "delete board",
              "fullTitle": "board delete board",
              "timedOut": null,
              "duration": 2642,
              "state": "passed",
              "speed": "slow",
              "pass": true,
              "fail": false,
              "pending": false,
              "context": null,
              "code": "_boardModule.default.deleteBoard();",
              "err": {},
              "uuid": "6b92f06c-63a2-415f-a1e9-9783d7075613",
              "parentUUID": "50e4cc6a-d67d-49d2-8ed5-7911f9d2ab2c",
              "isHook": false,
              "skipped": false
            }
          ],
          "suites": [],
          "passes": [
            "45ffde7a-80ef-4a3f-9d92-62c21883b2b2",
            "5c701169-aae8-43f4-b508-201c0294ad0a",
            "4615a642-66c9-46e4-8ade-80369ddac14d",
            "f7419b0a-c4d7-4f61-8264-8773daac926e",
            "553ac631-b876-4a5b-a7a0-79e92d213108",
            "6b92f06c-63a2-415f-a1e9-9783d7075613"
          ],
          "failures": [
            "8a01eb38-dc03-4dc3-9d46-984e5c429dbb"
          ],
          "pending": [],
          "skipped": [],
          "duration": 18390,
          "root": false,
          "rootEmpty": false,
          "_timeout": 2000
        }
      ],
      "passes": [],
      "failures": [],
      "pending": [],
      "skipped": [],
      "duration": 0,
      "root": true,
      "rootEmpty": true,
      "_timeout": 2000
    }
  ],
  "meta": {
    "mocha": {
      "version": "7.0.1"
    },
    "mochawesome": {
      "options": {
        "quiet": false,
        "reportFilename": "mochawesome",
        "saveHtml": false,
        "saveJson": true,
        "consoleReporter": "spec",
        "useInlineDiffs": false,
        "code": true
      },
      "version": "7.0.1"
    },
    "marge": {
      "options": {
        "overwrite": false,
        "html": false,
        "json": true
      },
      "version": "6.0.1"
    }
  }
}