{
  "stats": {
    "suites": 1,
    "tests": 13,
    "passes": 12,
    "pending": 0,
    "failures": 1,
    "start": "2021-11-16T15:10:37.428Z",
    "end": "2021-11-16T15:11:37.099Z",
    "duration": 59671,
    "testsRegistered": 13,
    "passPercent": 92.3076923076923,
    "pendingPercent": 0,
    "other": 0,
    "hasOther": false,
    "skipped": 0,
    "hasSkipped": false
  },
  "results": [
    {
      "uuid": "34aba2e9-391a-4a4d-befb-269421a0431f",
      "title": "",
      "fullFile": "cypress/integration/register.spec.js",
      "file": "cypress/integration/register.spec.js",
      "beforeHooks": [],
      "afterHooks": [],
      "tests": [],
      "suites": [
        {
          "uuid": "77b62950-f5fb-4357-8cb6-0c43158c0166",
          "title": "register",
          "fullFile": "",
          "file": "",
          "beforeHooks": [],
          "afterHooks": [],
          "tests": [
            {
              "title": "without credentials",
              "fullTitle": "register without credentials",
              "timedOut": null,
              "duration": 6153,
              "state": "passed",
              "speed": "slow",
              "pass": true,
              "fail": false,
              "pending": false,
              "context": null,
              "code": "_registerModule.default.register({\n  email: \"\",\n  password: \"\",\n  numberOfUsers: \"\",\n  termsAndPrivacy: \"unchecked\"\n});\ncy.url().should(\"contain\", \"/sign-up\");\ncy.errorMessageFunction(\"Your Email\", _errorMessages.default.invalidEmail);\ncy.errorMessageFunction(\"Password\", _errorMessages.default.requiredPassword);\ncy.errorMessageFunction(\"Number of users\", _errorMessages.default.requiredNumberOfUsers);\ncy.errorMessageWithoutLabel(_errorMessages.default.termsAndPrivacy);",
              "err": {},
              "uuid": "de8e7029-f759-4990-bf42-d7fb43caaf6e",
              "parentUUID": "77b62950-f5fb-4357-8cb6-0c43158c0166",
              "isHook": false,
              "skipped": false
            },
            {
              "title": "without email",
              "fullTitle": "register without email",
              "timedOut": null,
              "duration": 3676,
              "state": "passed",
              "speed": "slow",
              "pass": true,
              "fail": false,
              "pending": false,
              "context": null,
              "code": "_registerModule.default.register({\n  email: \"\"\n});\ncy.url().should(\"contain\", \"/sign-up\");\ncy.get(_signUp.default.forms).then(() => {\n  cy.errorMessageFunction(\"Your Email\", _errorMessages.default.invalidEmail);\n});",
              "err": {},
              "uuid": "d989b3c8-b940-4779-acab-bc074b84abe1",
              "parentUUID": "77b62950-f5fb-4357-8cb6-0c43158c0166",
              "isHook": false,
              "skipped": false
            },
            {
              "title": "without password",
              "fullTitle": "register without password",
              "timedOut": null,
              "duration": 3587,
              "state": "passed",
              "speed": "slow",
              "pass": true,
              "fail": false,
              "pending": false,
              "context": null,
              "code": "_registerModule.default.register({\n  password: \"\"\n});\ncy.url().should(\"contain\", \"/sign-up\");\ncy.errorMessageFunction(\"Password\", _errorMessages.default.requiredPassword);",
              "err": {},
              "uuid": "a5775d8f-0071-4477-a200-8800dd4d55b1",
              "parentUUID": "77b62950-f5fb-4357-8cb6-0c43158c0166",
              "isHook": false,
              "skipped": false
            },
            {
              "title": "without number of users",
              "fullTitle": "register without number of users",
              "timedOut": null,
              "duration": 3796,
              "state": "passed",
              "speed": "slow",
              "pass": true,
              "fail": false,
              "pending": false,
              "context": null,
              "code": "_registerModule.default.register({\n  numberOfUsers: \"\"\n});\ncy.url().should(\"contain\", \"/sign-up\");\ncy.errorMessageFunction(\"Number of users\", _errorMessages.default.requiredNumberOfUsers);",
              "err": {},
              "uuid": "c0c515c6-aa2f-44a7-95ae-a4b23ab2e234",
              "parentUUID": "77b62950-f5fb-4357-8cb6-0c43158c0166",
              "isHook": false,
              "skipped": false
            },
            {
              "title": "without terms and privacy checked",
              "fullTitle": "register without terms and privacy checked",
              "timedOut": null,
              "duration": 4464,
              "state": "passed",
              "speed": "slow",
              "pass": true,
              "fail": false,
              "pending": false,
              "context": null,
              "code": "_registerModule.default.register({\n  termsAndPrivacy: \"unchecked\"\n});\ncy.url().should(\"contain\", \"/sign-up\");\ncy.errorMessageWithoutLabel(_errorMessages.default.termsAndPrivacy);",
              "err": {},
              "uuid": "0894fdd7-1078-45a7-9169-4f1c6939584b",
              "parentUUID": "77b62950-f5fb-4357-8cb6-0c43158c0166",
              "isHook": false,
              "skipped": false
            },
            {
              "title": "with email without @",
              "fullTitle": "register with email without @",
              "timedOut": null,
              "duration": 4027,
              "state": "passed",
              "speed": "slow",
              "pass": true,
              "fail": false,
              "pending": false,
              "context": null,
              "code": "_registerModule.default.register({\n  email: _data.default.registerInvalidUser[\"emailWithout@\"]\n});\ncy.url().should(\"contain\", \"/sign-up\");\ncy.errorMessageFunction(\"Your Email\", _errorMessages.default.invalidEmail);",
              "err": {},
              "uuid": "1f14d865-5ee6-4a02-b9e1-229fb623935c",
              "parentUUID": "77b62950-f5fb-4357-8cb6-0c43158c0166",
              "isHook": false,
              "skipped": false
            },
            {
              "title": "with email without .",
              "fullTitle": "register with email without .",
              "timedOut": null,
              "duration": 4044,
              "state": "passed",
              "speed": "slow",
              "pass": true,
              "fail": false,
              "pending": false,
              "context": null,
              "code": "_registerModule.default.register({\n  email: _data.default.registerInvalidUser[\"emailWithout.\"]\n});\ncy.url().should(\"contain\", \"/sign-up\");\ncy.errorMessageFunction(\"Your Email\", _errorMessages.default.invalidEmail);",
              "err": {},
              "uuid": "7ed1644d-a4eb-4eec-bbe4-f0c37bb61e98",
              "parentUUID": "77b62950-f5fb-4357-8cb6-0c43158c0166",
              "isHook": false,
              "skipped": false
            },
            {
              "title": "with existing email",
              "fullTitle": "register with existing email",
              "timedOut": null,
              "duration": 5063,
              "state": "passed",
              "speed": "slow",
              "pass": true,
              "fail": false,
              "pending": false,
              "context": null,
              "code": "_registerModule.default.register({\n  email: _data.default.user.email\n});\ncy.url().should(\"contain\", \"/sign-up\");\ncy.alertErrorMessage(_errorMessages.default.existingEmail);",
              "err": {},
              "uuid": "5bb0c72a-8a45-441d-88c3-44dd4b68a63a",
              "parentUUID": "77b62950-f5fb-4357-8cb6-0c43158c0166",
              "isHook": false,
              "skipped": false
            },
            {
              "title": "with password less than 5 characters",
              "fullTitle": "register with password less than 5 characters",
              "timedOut": null,
              "duration": 3911,
              "state": "passed",
              "speed": "slow",
              "pass": true,
              "fail": false,
              "pending": false,
              "context": null,
              "code": "_registerModule.default.register({\n  password: _data.default.registerInvalidUser.passwordLessThan5Chars\n});\ncy.url().should(\"contain\", \"/sign-up\");\ncy.errorMessageFunction(\"Password\", _errorMessages.default.invalidPassword5Characters);",
              "err": {},
              "uuid": "eb6743d3-f710-4abb-a521-5dafa9085500",
              "parentUUID": "77b62950-f5fb-4357-8cb6-0c43158c0166",
              "isHook": false,
              "skipped": false
            },
            {
              "title": "with number of users less than 1",
              "fullTitle": "register with number of users less than 1",
              "timedOut": null,
              "duration": 4118,
              "state": "passed",
              "speed": "slow",
              "pass": true,
              "fail": false,
              "pending": false,
              "context": null,
              "code": "_registerModule.default.register({\n  numberOfUsers: _data.default.registerInvalidUser.numOfUsersLessThan1\n});\ncy.url().should(\"contain\", \"/sign-up\");\ncy.errorMessageFunction(\"Number of users\", _errorMessages.default.invalidNumberInteger);",
              "err": {},
              "uuid": "c25ea8a8-697d-4b60-b871-8a930d8a7a75",
              "parentUUID": "77b62950-f5fb-4357-8cb6-0c43158c0166",
              "isHook": false,
              "skipped": false
            },
            {
              "title": "with number of users more than 10",
              "fullTitle": "register with number of users more than 10",
              "timedOut": null,
              "duration": 4328,
              "state": "passed",
              "speed": "slow",
              "pass": true,
              "fail": false,
              "pending": false,
              "context": null,
              "code": "_registerModule.default.register({\n  numberOfUsers: _data.default.registerInvalidUser.numOfUsersMoreThan10\n});\ncy.url().should(\"contain\", \"/sign-up\");\ncy.errorMessageFunction(\"Number of users\", _errorMessages.default.invalidNumberInteger);",
              "err": {},
              "uuid": "ba394dae-4df0-456b-8860-d159a0b94a4a",
              "parentUUID": "77b62950-f5fb-4357-8cb6-0c43158c0166",
              "isHook": false,
              "skipped": false
            },
            {
              "title": "with number of users not an integer",
              "fullTitle": "register with number of users not an integer",
              "timedOut": null,
              "duration": 3928,
              "state": "passed",
              "speed": "slow",
              "pass": true,
              "fail": false,
              "pending": false,
              "context": null,
              "code": "_registerModule.default.register({\n  numberOfUsers: _data.default.registerInvalidUser.numOfUsersNotInteger\n});\ncy.url().should(\"contain\", \"/sign-up\");\ncy.errorMessageFunction(\"Number of users\", _errorMessages.default.invalidNumberString);",
              "err": {},
              "uuid": "fbb2e032-28ff-4d7f-9988-5f12d2efea29",
              "parentUUID": "77b62950-f5fb-4357-8cb6-0c43158c0166",
              "isHook": false,
              "skipped": false
            },
            {
              "title": "with valid credentials",
              "fullTitle": "register with valid credentials",
              "timedOut": null,
              "duration": 8232,
              "state": "failed",
              "speed": null,
              "pass": false,
              "fail": true,
              "pending": false,
              "context": null,
              "code": "cy.intercept(\"POST\", \"api/v2/register\").as(\"registeredUser\");\n_registerModule.default.register({});\ncy.url().should(\"not.contain\", \"/sign-up\").and(\"contain\", \"/my-organizations\");\ncy.wait(\"@registeredUser\").then(intercept => {\n  expect(intercept.response.statusCode).to.eq(200);\n});",
              "err": {
                "message": "AssertionError: Timed out retrying after 4000ms: expected 'https://cypress.vivifyscrum-stage.com/sign-up?type=yearly&plan=1&event=page-card' to not include '/sign-up'",
                "estack": "AssertionError: Timed out retrying after 4000ms: expected 'https://cypress.vivifyscrum-stage.com/sign-up?type=yearly&plan=1&event=page-card' to not include '/sign-up'\n    at Context.eval (https://cypress.vivifyscrum-stage.com/__cypress/tests?p=cypress/integration/register.spec.js:307:14)",
                "diff": null
              },
              "uuid": "7ed4751b-8d35-402e-9aa1-058da85e9881",
              "parentUUID": "77b62950-f5fb-4357-8cb6-0c43158c0166",
              "isHook": false,
              "skipped": false
            }
          ],
          "suites": [],
          "passes": [
            "de8e7029-f759-4990-bf42-d7fb43caaf6e",
            "d989b3c8-b940-4779-acab-bc074b84abe1",
            "a5775d8f-0071-4477-a200-8800dd4d55b1",
            "c0c515c6-aa2f-44a7-95ae-a4b23ab2e234",
            "0894fdd7-1078-45a7-9169-4f1c6939584b",
            "1f14d865-5ee6-4a02-b9e1-229fb623935c",
            "7ed1644d-a4eb-4eec-bbe4-f0c37bb61e98",
            "5bb0c72a-8a45-441d-88c3-44dd4b68a63a",
            "eb6743d3-f710-4abb-a521-5dafa9085500",
            "c25ea8a8-697d-4b60-b871-8a930d8a7a75",
            "ba394dae-4df0-456b-8860-d159a0b94a4a",
            "fbb2e032-28ff-4d7f-9988-5f12d2efea29"
          ],
          "failures": [
            "7ed4751b-8d35-402e-9aa1-058da85e9881"
          ],
          "pending": [],
          "skipped": [],
          "duration": 59327,
          "root": false,
          "rootEmpty": false,
          "_timeout": 2000
        }
      ],
      "passes": [],
      "failures": [],
      "pending": [],
      "skipped": [],
      "duration": 0,
      "root": true,
      "rootEmpty": true,
      "_timeout": 2000
    }
  ],
  "meta": {
    "mocha": {
      "version": "7.0.1"
    },
    "mochawesome": {
      "options": {
        "quiet": false,
        "reportFilename": "mochawesome",
        "saveHtml": false,
        "saveJson": true,
        "consoleReporter": "spec",
        "useInlineDiffs": false,
        "code": true
      },
      "version": "7.0.1"
    },
    "marge": {
      "options": {
        "overwrite": false,
        "html": false,
        "json": true
      },
      "version": "6.0.1"
    }
  }
}