{
  "stats": {
    "suites": 1,
    "tests": 2,
    "passes": 2,
    "pending": 0,
    "failures": 0,
    "start": "2021-11-18T15:25:52.912Z",
    "end": "2021-11-18T15:26:04.838Z",
    "duration": 11926,
    "testsRegistered": 2,
    "passPercent": 100,
    "pendingPercent": 0,
    "other": 0,
    "hasOther": false,
    "skipped": 0,
    "hasSkipped": false
  },
  "results": [
    {
      "uuid": "6b667fe5-0e02-4ff7-85aa-8b4d27995874",
      "title": "",
      "fullFile": "cypress/integration/organization.spec.js",
      "file": "cypress/integration/organization.spec.js",
      "beforeHooks": [],
      "afterHooks": [],
      "tests": [],
      "suites": [
        {
          "uuid": "4b266061-bf01-4671-85d2-5340c8c08fb3",
          "title": "organization",
          "fullFile": "",
          "file": "",
          "beforeHooks": [],
          "afterHooks": [],
          "tests": [
            {
              "title": "create",
              "fullTitle": "organization create",
              "timedOut": null,
              "duration": 10262,
              "state": "passed",
              "speed": "slow",
              "pass": true,
              "fail": false,
              "pending": false,
              "context": null,
              "code": "_organizationModule.default.createOrganization();",
              "err": {},
              "uuid": "b5239b09-3c03-4ac1-b284-2bdafbb5c9e1",
              "parentUUID": "4b266061-bf01-4671-85d2-5340c8c08fb3",
              "isHook": false,
              "skipped": false
            },
            {
              "title": "delete",
              "fullTitle": "organization delete",
              "timedOut": null,
              "duration": 1593,
              "state": "passed",
              "speed": "slow",
              "pass": true,
              "fail": false,
              "pending": false,
              "context": null,
              "code": "_organizationModule.default.deleteOrganization();",
              "err": {},
              "uuid": "6038e787-1a46-46e2-b5df-ffe7f2767cc8",
              "parentUUID": "4b266061-bf01-4671-85d2-5340c8c08fb3",
              "isHook": false,
              "skipped": false
            }
          ],
          "suites": [],
          "passes": [
            "b5239b09-3c03-4ac1-b284-2bdafbb5c9e1",
            "6038e787-1a46-46e2-b5df-ffe7f2767cc8"
          ],
          "failures": [],
          "pending": [],
          "skipped": [],
          "duration": 11855,
          "root": false,
          "rootEmpty": false,
          "_timeout": 2000
        }
      ],
      "passes": [],
      "failures": [],
      "pending": [],
      "skipped": [],
      "duration": 0,
      "root": true,
      "rootEmpty": true,
      "_timeout": 2000
    }
  ],
  "meta": {
    "mocha": {
      "version": "7.0.1"
    },
    "mochawesome": {
      "options": {
        "quiet": false,
        "reportFilename": "mochawesome",
        "saveHtml": false,
        "saveJson": true,
        "consoleReporter": "spec",
        "useInlineDiffs": false,
        "code": true
      },
      "version": "7.0.1"
    },
    "marge": {
      "options": {
        "overwrite": false,
        "html": false,
        "json": true
      },
      "version": "6.0.1"
    }
  }
}